#
# A fatal error has been detected by the Java Runtime Environment:
#
#  SIGSEGV (0xb) at pc=0x000000012405a3bf, pid=49577, tid=0x000000000000bd37
#
# JRE version: Java(TM) SE Runtime Environment (8.0_131-b11) (build 1.8.0_131-b11)
# Java VM: Java HotSpot(TM) 64-Bit Server VM (25.131-b11 mixed mode bsd-amd64 compressed oops)
# Problematic frame:
# C  [libawt_lwawt.dylib+0x1c3bf]  OGLSD_SetScratchSurface+0x49
#
# Failed to write core dump. Core dumps have been disabled. To enable core dumping, try "ulimit -c unlimited" before starting Java again
#
# If you would like to submit a bug report, please visit:
#   http://bugreport.java.com/bugreport/crash.jsp
# The crash happened outside the Java Virtual Machine in native code.
# See problematic frame for where to report the bug.
#

---------------  T H R E A D  ---------------

Current thread (0x00007fcf2aa1e800):  JavaThread "Java2D Queue Flusher" daemon [_thread_in_native, id=48439, stack(0x00007000054c7000,0x00007000055c7000)]

siginfo: si_signo: 11 (SIGSEGV), si_code: 1 (SEGV_MAPERR), si_addr: 0x0000000000000002

Registers:
RAX=0x00000000ffffffff, RBX=0x0000000000000002, RCX=0x0000000000000047, RDX=0x000000012407b258
RSP=0x00007000055c66e0, RBP=0x00007000055c6700, RSI=0x00007fcf29f7e220, RDI=0x00007fcf2aa1e9f8
R8 =0x00007fcf29eaf840, R9 =0x00000000001aab89, R10=0x0000000107f709c8, R11=0x000000010749adcb
R12=0x0000000000000000, R13=0x00000001242416e8, R14=0x00007fcf2aa1e9f8, R15=0x00007fcf2aa1e800
RIP=0x000000012405a3bf, EFLAGS=0x0000000000010202, ERR=0x0000000000000004
  TRAPNO=0x000000000000000e

Top of Stack: (sp=0x00007000055c66e0)
0x00007000055c66e0:   00007fcf29f7e220 0000000000000000
0x00007000055c66f0:   00007fcf2aa48a10 00007fcf2aa1e800
0x00007000055c6700:   00007000055c6780 000000012407ad36
0x00007000055c6710:   00007fcf2aa1e800 000000022aa1e800
0x00007000055c6720:   0000000000000000 000000012aa7e00a
0x00007000055c6730:   0000000000000064 00007fcf2aa1e800
0x00007000055c6740:   0000000000000bad 00007fcf2aa48a20
0x00007000055c6750:   00007fcf00a1e800 00007fcf2aa1e9f8
0x00007000055c6760:   00000001242416e8 0000000000000000
0x00007000055c6770:   00007000055c6830 00007fcf2aa1e800
0x00007000055c6780:   00007000055c67f8 0000000107f709f4
0x00007000055c6790:   000000012095bd40 0000000000000000
0x00007000055c67a0:   000000012095a298 0000000000000000
0x00007000055c67b0:   00007000055c67d0 00007000055c67b8
0x00007000055c67c0:   0000000000000000 00007000055c6830
0x00007000055c67d0:   00000001242435d0 0000000000000000
0x00007000055c67e0:   00000001242416e8 0000000000000000
0x00007000055c67f0:   00007000055c6818 00007000055c6878
0x00007000055c6800:   0000000107f612bd 0000000000000000
0x00007000055c6810:   0000000107f6a538 0000000000000020
0x00007000055c6820:   00007fcf2aa48a00 000000076eb00f20
0x00007000055c6830:   000000076eb00f08 00007000055c6838
0x00007000055c6840:   0000000124241795 00007000055c6890
0x00007000055c6850:   00000001242435d0 0000000000000000
0x00007000055c6860:   00000001242417b8 00007000055c6818
0x00007000055c6870:   00007000055c6890 00007000055c68d8
0x00007000055c6880:   0000000107f612bd 0000000000000020
0x00007000055c6890:   000000076eb00f08 00007000055c6898
0x00007000055c68a0:   0000000124241971 00007000055c68e8
0x00007000055c68b0:   00000001242435d0 0000000000000000
0x00007000055c68c0:   0000000124241980 00007000055c6890
0x00007000055c68d0:   00007000055c68e8 00007000055c6940 

Instructions: (pc=0x000000012405a3bf)
0x000000012405a39f:   c0 e9 82 00 00 00 48 8b 5e 10 48 85 db 75 0e bf
0x000000012405a3af:   01 00 00 00 48 8d 15 07 7c 03 00 eb d6 49 89 fe
0x000000012405a3bf:   4c 8b 3b 30 c0 e8 c1 a6 02 00 49 8b 3f 49 89 c4
0x000000012405a3cf:   48 8b 35 4a 03 06 00 30 c0 e8 0f a8 02 00 48 85 

Register to memory mapping:

RAX=0x00000000ffffffff is an unknown value
RBX=0x0000000000000002 is an unknown value
RCX=0x0000000000000047 is an unknown value
RDX=0x000000012407b258: Java_sun_java2d_opengl_OGLRenderQueue_flushBuffer+0xb5c in /Library/Java/JavaVirtualMachines/jdk1.8.0_131.jdk/Contents/Home/jre/lib/libawt_lwawt.dylib at 0x000000012403e000
RSP=0x00007000055c66e0 is pointing into the stack for thread: 0x00007fcf2aa1e800
RBP=0x00007000055c6700 is pointing into the stack for thread: 0x00007fcf2aa1e800
RSI=0x00007fcf29f7e220 is an unknown value
RDI=0x00007fcf2aa1e9f8 is an unknown value
R8 =0x00007fcf29eaf840 is an unknown value
R9 =0x00000000001aab89 is an unknown value
R10=0x0000000107f709c8 is at code_begin+808 in an Interpreter codelet
method entry point (kind = native)  [0x0000000107f706a0, 0x0000000107f70fa0]  2304 bytes
R11=0x000000010749adcb: throw_unsatisfied_link_error+0 in /Library/Java/JavaVirtualMachines/jdk1.8.0_131.jdk/Contents/Home/jre/lib/server/libjvm.dylib at 0x0000000106fb6000
R12=0x0000000000000000 is an unknown value
R13={method} {0x00000001242416e8} 'flushBuffer' '(JI)V' in 'sun/java2d/opengl/OGLRenderQueue'
R14=0x00007fcf2aa1e9f8 is an unknown value
R15=0x00007fcf2aa1e800 is a thread


Stack: [0x00007000054c7000,0x00007000055c7000],  sp=0x00007000055c66e0,  free space=1021k
Native frames: (J=compiled Java code, j=interpreted, Vv=VM code, C=native code)
C  [libawt_lwawt.dylib+0x1c3bf]  OGLSD_SetScratchSurface+0x49
C  [libawt_lwawt.dylib+0x3cd36]  Java_sun_java2d_opengl_OGLRenderQueue_flushBuffer+0x63a
j  sun.java2d.opengl.OGLRenderQueue.flushBuffer(JI)V+0
j  sun.java2d.opengl.OGLRenderQueue.flushBuffer()V+21
j  sun.java2d.opengl.OGLRenderQueue.access$100(Lsun/java2d/opengl/OGLRenderQueue;)V+1
j  sun.java2d.opengl.OGLRenderQueue$QueueFlusher.run()V+81
v  ~StubRoutines::call_stub
V  [libjvm.dylib+0x2ee5b6]  JavaCalls::call_helper(JavaValue*, methodHandle*, JavaCallArguments*, Thread*)+0x6ae
V  [libjvm.dylib+0x2eed5a]  JavaCalls::call_virtual(JavaValue*, KlassHandle, Symbol*, Symbol*, JavaCallArguments*, Thread*)+0x164
V  [libjvm.dylib+0x2eef06]  JavaCalls::call_virtual(JavaValue*, Handle, KlassHandle, Symbol*, Symbol*, Thread*)+0x4a
V  [libjvm.dylib+0x34965d]  thread_entry(JavaThread*, Thread*)+0x7c
V  [libjvm.dylib+0x56b87f]  JavaThread::thread_main_inner()+0x9b
V  [libjvm.dylib+0x56cf6c]  JavaThread::run()+0x1c2
V  [libjvm.dylib+0x48b376]  java_start(Thread*)+0xf6
C  [libsystem_pthread.dylib+0x393b]  _pthread_body+0xb4
C  [libsystem_pthread.dylib+0x3887]  _pthread_body+0x0
C  [libsystem_pthread.dylib+0x308d]  thread_start+0xd
C  0x0000000000000000

Java frames: (J=compiled Java code, j=interpreted, Vv=VM code)
j  sun.java2d.opengl.OGLRenderQueue.flushBuffer(JI)V+0
j  sun.java2d.opengl.OGLRenderQueue.flushBuffer()V+21
j  sun.java2d.opengl.OGLRenderQueue.access$100(Lsun/java2d/opengl/OGLRenderQueue;)V+1
j  sun.java2d.opengl.OGLRenderQueue$QueueFlusher.run()V+81
v  ~StubRoutines::call_stub

---------------  P R O C E S S  ---------------

Java Threads: ( => current thread )
  0x00007fcf2a2cc000 JavaThread "TubeSockReader-4" [_thread_in_native, id=67539, stack(0x00007000058d3000,0x00007000059d3000)]
  0x00007fcf2a2f5800 JavaThread "Keep-Alive-Timer" daemon [_thread_blocked, id=66967, stack(0x00007000057d0000,0x00007000058d0000)]
  0x00007fcf2a370800 JavaThread "pool-3-thread-2" [_thread_blocked, id=4647, stack(0x00007000059d6000,0x0000700005ad6000)]
  0x00007fcf2b16f000 JavaThread "TimerQueue" daemon [_thread_blocked, id=36491, stack(0x0000700005138000,0x0000700005238000)]
  0x00007fcf2a008000 JavaThread "DestroyJavaVM" [_thread_blocked, id=7171, stack(0x000070000420b000,0x000070000430b000)]
  0x00007fcf2aa24000 JavaThread "FirebaseDatabaseEventTarget" daemon [_thread_blocked, id=68007, stack(0x0000700005b5c000,0x0000700005c5c000)]
  0x00007fcf2b2a2800 JavaThread "AWT-EventQueue-0" [_thread_blocked, id=62759, stack(0x00007000056cd000,0x00007000057cd000)]
  0x00007fcf2a1d8800 JavaThread "Java2D Disposer" daemon [_thread_blocked, id=62231, stack(0x00007000055ca000,0x00007000056ca000)]
=>0x00007fcf2aa1e800 JavaThread "Java2D Queue Flusher" daemon [_thread_in_native, id=48439, stack(0x00007000054c7000,0x00007000055c7000)]
  0x00007fcf2a9e4000 JavaThread "AWT-Shutdown" [_thread_blocked, id=30751, stack(0x00007000052be000,0x00007000053be000)]
  0x00007fcf2b9a7000 JavaThread "AppKit Thread" daemon [_thread_in_native, id=775, stack(0x00007fff58e9f000,0x00007fff5969f000)]
  0x00007fcf2a9aa000 JavaThread "FirebaseDatabaseWorker" daemon [_thread_blocked, id=19715, stack(0x0000700005035000,0x0000700005135000)]
  0x00007fcf2a847800 JavaThread "Service Thread" daemon [_thread_blocked, id=18691, stack(0x0000700004e2f000,0x0000700004f2f000)]
  0x00007fcf2b014800 JavaThread "C1 CompilerThread2" daemon [_thread_blocked, id=18179, stack(0x0000700004d2c000,0x0000700004e2c000)]
  0x00007fcf2a846800 JavaThread "C2 CompilerThread1" daemon [_thread_blocked, id=17667, stack(0x0000700004c29000,0x0000700004d29000)]
  0x00007fcf2b00b800 JavaThread "C2 CompilerThread0" daemon [_thread_blocked, id=17155, stack(0x0000700004b26000,0x0000700004c26000)]
  0x00007fcf2a829800 JavaThread "Signal Dispatcher" daemon [_thread_blocked, id=16643, stack(0x0000700004a23000,0x0000700004b23000)]
  0x00007fcf2a83d000 JavaThread "Finalizer" daemon [_thread_blocked, id=12547, stack(0x0000700004920000,0x0000700004a20000)]
  0x00007fcf2a028800 JavaThread "Reference Handler" daemon [_thread_blocked, id=12035, stack(0x000070000481d000,0x000070000491d000)]

Other Threads:
  0x00007fcf2a836800 VMThread [stack: 0x000070000471a000,0x000070000481a000] [id=11523]
  0x00007fcf2b80f800 WatcherThread [stack: 0x0000700004f32000,0x0000700005032000] [id=19203]

VM state:not at safepoint (normal execution)

VM Mutex/Monitor currently owned by a thread: None

Heap:
 PSYoungGen      total 76288K, used 15995K [0x000000076ab00000, 0x0000000770000000, 0x00000007c0000000)
  eden space 65536K, 8% used [0x000000076ab00000,0x000000076b0255b0,0x000000076eb00000)
  from space 10752K, 99% used [0x000000076eb00000,0x000000076f5796a8,0x000000076f580000)
  to   space 10752K, 0% used [0x000000076f580000,0x000000076f580000,0x0000000770000000)
 ParOldGen       total 175104K, used 2593K [0x00000006c0000000, 0x00000006cab00000, 0x000000076ab00000)
  object space 175104K, 1% used [0x00000006c0000000,0x00000006c0288790,0x00000006cab00000)
 Metaspace       used 19948K, capacity 20356K, committed 20480K, reserved 1067008K
  class space    used 2428K, capacity 2559K, committed 2560K, reserved 1048576K

Card table byte_map: [0x0000000117319000,0x0000000117b1a000] byte_map_base: 0x0000000113d19000

Marking Bits: (ParMarkBitMap*) 0x00000001078a7ea0
 Begin Bits: [0x0000000118070000, 0x000000011c070000)
 End Bits:   [0x000000011c070000, 0x0000000120070000)

Polling page: 0x0000000106e43000

CodeCache: size=245760Kb used=6311Kb max_used=6311Kb free=239448Kb
 bounds [0x0000000107f59000, 0x0000000108599000, 0x0000000116f59000]
 total_blobs=2693 nmethods=2073 adapters=533
 compilation: enabled

Compilation events (10 events):
Event: 5167.195 Thread 0x00007fcf2b014800 2233       3       java.lang.ref.ReferenceQueue::reallyPoll (66 bytes)
Event: 5167.195 Thread 0x00007fcf2b014800 nmethod 2233 0x00000001081b9d50 code [0x00000001081b9ee0, 0x00000001081ba370]
Event: 5167.196 Thread 0x00007fcf2b014800 2234       3       java.lang.ref.ReferenceQueue::remove (6 bytes)
Event: 5167.196 Thread 0x00007fcf2b014800 nmethod 2234 0x000000010837b490 code [0x000000010837b600, 0x000000010837b808]
Event: 5167.196 Thread 0x00007fcf2b014800 2235   !   3       java.lang.ref.ReferenceQueue::remove (125 bytes)
Event: 5167.197 Thread 0x00007fcf2b014800 nmethod 2235 0x000000010837a5d0 code [0x000000010837a7c0, 0x000000010837b078]
Event: 5167.197 Thread 0x00007fcf2b014800 2239   !   3       java.lang.ref.Finalizer::remove (94 bytes)
Event: 5167.198 Thread 0x00007fcf2b014800 nmethod 2239 0x00000001083e7090 code [0x00000001083e7220, 0x00000001083e7730]
Event: 5167.202 Thread 0x00007fcf2b014800 2240  s    3       sun.font.CFont::finalize (22 bytes)
Event: 5167.202 Thread 0x00007fcf2b014800 nmethod 2240 0x00000001085888d0 code [0x0000000108588a40, 0x0000000108588da8]

GC Heap History (2 events):
Event: 5167.120 GC heap before
{Heap before GC invocations=1 (full 0):
 PSYoungGen      total 76288K, used 65536K [0x000000076ab00000, 0x0000000770000000, 0x00000007c0000000)
  eden space 65536K, 100% used [0x000000076ab00000,0x000000076eb00000,0x000000076eb00000)
  from space 10752K, 0% used [0x000000076f580000,0x000000076f580000,0x0000000770000000)
  to   space 10752K, 0% used [0x000000076eb00000,0x000000076eb00000,0x000000076f580000)
 ParOldGen       total 175104K, used 0K [0x00000006c0000000, 0x00000006cab00000, 0x000000076ab00000)
  object space 175104K, 0% used [0x00000006c0000000,0x00000006c0000000,0x00000006cab00000)
 Metaspace       used 19936K, capacity 20356K, committed 20480K, reserved 1067008K
  class space    used 2428K, capacity 2559K, committed 2560K, reserved 1048576K
Event: 5167.181 GC heap after
Heap after GC invocations=1 (full 0):
 PSYoungGen      total 76288K, used 10725K [0x000000076ab00000, 0x0000000770000000, 0x00000007c0000000)
  eden space 65536K, 0% used [0x000000076ab00000,0x000000076ab00000,0x000000076eb00000)
  from space 10752K, 99% used [0x000000076eb00000,0x000000076f5796a8,0x000000076f580000)
  to   space 10752K, 0% used [0x000000076f580000,0x000000076f580000,0x0000000770000000)
 ParOldGen       total 175104K, used 2593K [0x00000006c0000000, 0x00000006cab00000, 0x000000076ab00000)
  object space 175104K, 1% used [0x00000006c0000000,0x00000006c0288790,0x00000006cab00000)
 Metaspace       used 19936K, capacity 20356K, committed 20480K, reserved 1067008K
  class space    used 2428K, capacity 2559K, committed 2560K, reserved 1048576K
}

Deoptimization events (10 events):
Event: 1394.491 Thread 0x00007fcf2b2a2800 Uncommon trap: reason=class_check action=maybe_recompile pc=0x00000001082ffef8 method=java.util.HashMap.putVal(ILjava/lang/Object;Ljava/lang/Object;ZZ)Ljava/lang/Object; @ 203
Event: 1394.492 Thread 0x00007fcf2b2a2800 Uncommon trap: reason=unstable_if action=reinterpret pc=0x000000010822c0f0 method=java.util.HashMap.getNode(ILjava/lang/Object;)Ljava/util/HashMap$Node; @ 129
Event: 1394.493 Thread 0x00007fcf2b2a2800 Uncommon trap: reason=class_check action=maybe_recompile pc=0x00000001082ffef8 method=java.util.HashMap.putVal(ILjava/lang/Object;Ljava/lang/Object;ZZ)Ljava/lang/Object; @ 203
Event: 1394.496 Thread 0x00007fcf2b2a2800 Uncommon trap: reason=class_check action=maybe_recompile pc=0x000000010835d1c0 method=java.util.HashMap.putVal(ILjava/lang/Object;Ljava/lang/Object;ZZ)Ljava/lang/Object; @ 203
Event: 1394.496 Thread 0x00007fcf2b2a2800 Uncommon trap: reason=class_check action=maybe_recompile pc=0x000000010835d1c0 method=java.util.HashMap.putVal(ILjava/lang/Object;Ljava/lang/Object;ZZ)Ljava/lang/Object; @ 203
Event: 1394.496 Thread 0x00007fcf2b2a2800 Uncommon trap: reason=class_check action=maybe_recompile pc=0x00000001082ffef8 method=java.util.HashMap.putVal(ILjava/lang/Object;Ljava/lang/Object;ZZ)Ljava/lang/Object; @ 203
Event: 1394.496 Thread 0x00007fcf2b2a2800 Uncommon trap: reason=class_check action=maybe_recompile pc=0x000000010828c128 method=java.util.HashMap.putVal(ILjava/lang/Object;Ljava/lang/Object;ZZ)Ljava/lang/Object; @ 203
Event: 1486.889 Thread 0x00007fcf2aa1e800 Uncommon trap: reason=unstable_if action=reinterpret pc=0x00000001080665d0 method=java.util.concurrent.locks.ReentrantLock$Sync.nonfairTryAcquire(I)Z @ 10
Event: 1486.980 Thread 0x00007fcf2b2a2800 Uncommon trap: reason=unstable_if action=reinterpret pc=0x00000001083d2df4 method=java.util.HashMap$HashIterator.<init>(Ljava/util/HashMap;)V @ 45
Event: 5166.068 Thread 0x00007fcf2a370800 Uncommon trap: reason=unstable_if action=reinterpret pc=0x000000010826405c method=java.security.AccessControlContext.optimize()Ljava/security/AccessControlContext; @ 220

Internal exceptions (10 events):
Event: 3.800 Thread 0x00007fcf2a008000 Implicit null exception at 0x00000001081b5c75 to 0x00000001081b6035
Event: 3.808 Thread 0x00007fcf2a008000 Implicit null exception at 0x00000001081454b6 to 0x000000010814587d
Event: 3.846 Thread 0x00007fcf2a008000 Implicit null exception at 0x000000010827fd35 to 0x000000010827ff65
Event: 5.992 Thread 0x00007fcf2b0c2800 Exception <a 'java/lang/ArrayIndexOutOfBoundsException'> (0x000000076ced0c08) thrown at [/Users/java_re/workspace/8-2-build-macosx-x86_64/jdk8u131/8869/hotspot/src/share/vm/runtime/sharedRuntime.cpp, line 605]
Event: 5.993 Thread 0x00007fcf2b0c2800 Exception <a 'java/lang/ArrayIndexOutOfBoundsException'> (0x000000076ced1f90) thrown at [/Users/java_re/workspace/8-2-build-macosx-x86_64/jdk8u131/8869/hotspot/src/share/vm/runtime/sharedRuntime.cpp, line 605]
Event: 5.993 Thread 0x00007fcf2b0c2800 Exception <a 'java/lang/ArrayIndexOutOfBoundsException'> (0x000000076ced2d68) thrown at [/Users/java_re/workspace/8-2-build-macosx-x86_64/jdk8u131/8869/hotspot/src/share/vm/runtime/sharedRuntime.cpp, line 605]
Event: 1566.370 Thread 0x00007fcf2a2f5800 Exception <a 'java/net/SocketException'> (0x000000076d5b8720) thrown at [/Users/java_re/workspace/8-2-build-macosx-x86_64/jdk8u131/8869/hotspot/src/share/vm/prims/jni.cpp, line 709]
Event: 1566.376 Thread 0x00007fcf2a2f5800 Exception <a 'java/net/SocketException'> (0x000000076d5b9400) thrown at [/Users/java_re/workspace/8-2-build-macosx-x86_64/jdk8u131/8869/hotspot/src/share/vm/prims/jni.cpp, line 709]
Event: 5167.184 Thread 0x00007fcf2a83d000 Exception <a 'java/lang/NullPointerException'> (0x000000076ac47bc8) thrown at [/Users/java_re/workspace/8-2-build-macosx-x86_64/jdk8u131/8869/hotspot/src/share/vm/interpreter/linkResolver.cpp, line 1197]
Event: 5167.195 Thread 0x00007fcf2a83d000 Exception <a 'java/lang/NullPointerException'> (0x000000076ac47e58) thrown at [/Users/java_re/workspace/8-2-build-macosx-x86_64/jdk8u131/8869/hotspot/src/share/vm/interpreter/linkResolver.cpp, line 1197]

Events (10 events):
Event: 5167.197 Executing VM operation: RevokeBias
Event: 5167.197 Executing VM operation: RevokeBias done
Event: 5167.197 Executing VM operation: RevokeBias
Event: 5167.197 Executing VM operation: RevokeBias done
Event: 5167.197 Executing VM operation: RevokeBias
Event: 5167.197 Executing VM operation: RevokeBias done
Event: 5167.197 Executing VM operation: RevokeBias
Event: 5167.197 Executing VM operation: RevokeBias done
Event: 5167.197 Executing VM operation: BulkRevokeBias
Event: 5167.197 Executing VM operation: BulkRevokeBias done


Dynamic libraries:
0x0000000030bff000 	/System/Library/Frameworks/Cocoa.framework/Versions/A/Cocoa
0x0000000030bff000 	/System/Library/Frameworks/Security.framework/Versions/A/Security
0x0000000030bff000 	/System/Library/Frameworks/ApplicationServices.framework/Versions/A/ApplicationServices
0x0000000030bff000 	/usr/lib/libz.1.dylib
0x0000000030bff000 	/usr/lib/libSystem.B.dylib
0x0000000030bff000 	/usr/lib/libobjc.A.dylib
0x0000000030bff000 	/System/Library/Frameworks/CoreFoundation.framework/Versions/A/CoreFoundation
0x0000000030bff000 	/System/Library/Frameworks/Foundation.framework/Versions/C/Foundation
0x0000000030bff000 	/System/Library/Frameworks/AppKit.framework/Versions/C/AppKit
0x0000000030bff000 	/System/Library/Frameworks/CoreData.framework/Versions/A/CoreData
0x0000000030bff000 	/System/Library/PrivateFrameworks/RemoteViewServices.framework/Versions/A/RemoteViewServices
0x0000000030bff000 	/System/Library/PrivateFrameworks/UIFoundation.framework/Versions/A/UIFoundation
0x0000000030bff000 	/System/Library/PrivateFrameworks/DFRFoundation.framework/Versions/A/DFRFoundation
0x0000000030bff000 	/usr/lib/libenergytrace.dylib
0x0000000030bff000 	/System/Library/PrivateFrameworks/SkyLight.framework/Versions/A/SkyLight
0x0000000030bff000 	/System/Library/Frameworks/CoreGraphics.framework/Versions/A/CoreGraphics
0x0000000030bff000 	/usr/lib/libScreenReader.dylib
0x0000000030bff000 	/System/Library/Frameworks/Accelerate.framework/Versions/A/Accelerate
0x0000000030bff000 	/System/Library/Frameworks/IOSurface.framework/Versions/A/IOSurface
0x0000000030bff000 	/System/Library/Frameworks/AudioToolbox.framework/Versions/A/AudioToolbox
0x0000000030bff000 	/System/Library/Frameworks/AudioUnit.framework/Versions/A/AudioUnit
0x0000000030bff000 	/System/Library/PrivateFrameworks/DataDetectorsCore.framework/Versions/A/DataDetectorsCore
0x0000000030bff000 	/System/Library/PrivateFrameworks/DesktopServicesPriv.framework/Versions/A/DesktopServicesPriv
0x0000000030bff000 	/System/Library/Frameworks/Carbon.framework/Versions/A/Frameworks/HIToolbox.framework/Versions/A/HIToolbox
0x0000000030bff000 	/usr/lib/libicucore.A.dylib
0x0000000030bff000 	/System/Library/Frameworks/QuartzCore.framework/Versions/A/QuartzCore
0x0000000030bff000 	/System/Library/Frameworks/Carbon.framework/Versions/A/Frameworks/SpeechRecognition.framework/Versions/A/SpeechRecognition
0x0000000030bff000 	/usr/lib/libauto.dylib
0x0000000030bff000 	/usr/lib/libxml2.2.dylib
0x0000000030bff000 	/System/Library/PrivateFrameworks/CoreUI.framework/Versions/A/CoreUI
0x0000000030bff000 	/System/Library/Frameworks/CoreAudio.framework/Versions/A/CoreAudio
0x0000000030bff000 	/System/Library/Frameworks/DiskArbitration.framework/Versions/A/DiskArbitration
0x0000000030bff000 	/usr/lib/liblangid.dylib
0x0000000030bff000 	/System/Library/PrivateFrameworks/MultitouchSupport.framework/Versions/A/MultitouchSupport
0x0000000030bff000 	/System/Library/Frameworks/IOKit.framework/Versions/A/IOKit
0x0000000030bff000 	/usr/lib/libDiagnosticMessagesClient.dylib
0x0000000030bff000 	/System/Library/Frameworks/CoreServices.framework/Versions/A/CoreServices
0x0000000030bff000 	/System/Library/PrivateFrameworks/PerformanceAnalysis.framework/Versions/A/PerformanceAnalysis
0x0000000030bff000 	/System/Library/PrivateFrameworks/GenerationalStorage.framework/Versions/A/GenerationalStorage
0x0000000030bff000 	/System/Library/Frameworks/OpenGL.framework/Versions/A/OpenGL
0x0000000030bff000 	/System/Library/Frameworks/CoreImage.framework/Versions/A/CoreImage
0x0000000030bff000 	/System/Library/Frameworks/CoreText.framework/Versions/A/CoreText
0x0000000030bff000 	/System/Library/Frameworks/ImageIO.framework/Versions/A/ImageIO
0x0000000030bff000 	/System/Library/PrivateFrameworks/Backup.framework/Versions/A/Backup
0x0000000030bff000 	/usr/lib/libarchive.2.dylib
0x0000000030bff000 	/System/Library/Frameworks/CFNetwork.framework/Versions/A/CFNetwork
0x0000000030bff000 	/System/Library/Frameworks/SystemConfiguration.framework/Versions/A/SystemConfiguration
0x0000000030bff000 	/usr/lib/libCRFSuite.dylib
0x0000000030bff000 	/usr/lib/libc++.1.dylib
0x0000000030bff000 	/usr/lib/libc++abi.dylib
0x0000000030bff000 	/usr/lib/system/libcache.dylib
0x0000000030bff000 	/usr/lib/system/libcommonCrypto.dylib
0x0000000030bff000 	/usr/lib/system/libcompiler_rt.dylib
0x0000000030bff000 	/usr/lib/system/libcopyfile.dylib
0x0000000030bff000 	/usr/lib/system/libcorecrypto.dylib
0x0000000030bff000 	/usr/lib/system/libdispatch.dylib
0x0000000030bff000 	/usr/lib/system/libdyld.dylib
0x0000000030bff000 	/usr/lib/system/libkeymgr.dylib
0x0000000030bff000 	/usr/lib/system/liblaunch.dylib
0x0000000030bff000 	/usr/lib/system/libmacho.dylib
0x0000000030bff000 	/usr/lib/system/libquarantine.dylib
0x0000000030bff000 	/usr/lib/system/libremovefile.dylib
0x0000000030bff000 	/usr/lib/system/libsystem_asl.dylib
0x0000000030bff000 	/usr/lib/system/libsystem_blocks.dylib
0x0000000030bff000 	/usr/lib/system/libsystem_c.dylib
0x0000000030bff000 	/usr/lib/system/libsystem_configuration.dylib
0x0000000030bff000 	/usr/lib/system/libsystem_coreservices.dylib
0x0000000030bff000 	/usr/lib/system/libsystem_coretls.dylib
0x0000000030bff000 	/usr/lib/system/libsystem_dnssd.dylib
0x0000000030bff000 	/usr/lib/system/libsystem_info.dylib
0x0000000030bff000 	/usr/lib/system/libsystem_kernel.dylib
0x0000000030bff000 	/usr/lib/system/libsystem_m.dylib
0x0000000030bff000 	/usr/lib/system/libsystem_malloc.dylib
0x0000000030bff000 	/usr/lib/system/libsystem_network.dylib
0x0000000030bff000 	/usr/lib/system/libsystem_networkextension.dylib
0x0000000030bff000 	/usr/lib/system/libsystem_notify.dylib
0x0000000030bff000 	/usr/lib/system/libsystem_platform.dylib
0x0000000030bff000 	/usr/lib/system/libsystem_pthread.dylib
0x0000000030bff000 	/usr/lib/system/libsystem_sandbox.dylib
0x0000000030bff000 	/usr/lib/system/libsystem_secinit.dylib
0x0000000030bff000 	/usr/lib/system/libsystem_symptoms.dylib
0x0000000030bff000 	/usr/lib/system/libsystem_trace.dylib
0x0000000030bff000 	/usr/lib/system/libunwind.dylib
0x0000000030bff000 	/usr/lib/system/libxpc.dylib
0x0000000030bff000 	/usr/lib/libbsm.0.dylib
0x0000000030bff000 	/usr/lib/system/libkxld.dylib
0x0000000030bff000 	/usr/lib/libcoretls.dylib
0x0000000030bff000 	/usr/lib/libcoretls_cfhelpers.dylib
0x0000000030bff000 	/usr/lib/libOpenScriptingUtil.dylib
0x0000000030bff000 	/usr/lib/libpam.2.dylib
0x0000000030bff000 	/usr/lib/libsqlite3.dylib
0x0000000030bff000 	/usr/lib/libxar.1.dylib
0x0000000030bff000 	/usr/lib/libbz2.1.0.dylib
0x0000000030bff000 	/usr/lib/liblzma.5.dylib
0x0000000030bff000 	/usr/lib/libnetwork.dylib
0x0000000030bff000 	/usr/lib/libpcap.A.dylib
0x0000000030bff000 	/System/Library/Frameworks/CoreServices.framework/Versions/A/Frameworks/FSEvents.framework/Versions/A/FSEvents
0x0000000030bff000 	/System/Library/Frameworks/CoreServices.framework/Versions/A/Frameworks/CarbonCore.framework/Versions/A/CarbonCore
0x0000000030bff000 	/System/Library/Frameworks/CoreServices.framework/Versions/A/Frameworks/Metadata.framework/Versions/A/Metadata
0x0000000030bff000 	/System/Library/Frameworks/CoreServices.framework/Versions/A/Frameworks/OSServices.framework/Versions/A/OSServices
0x0000000030bff000 	/System/Library/Frameworks/CoreServices.framework/Versions/A/Frameworks/SearchKit.framework/Versions/A/SearchKit
0x0000000030bff000 	/System/Library/Frameworks/CoreServices.framework/Versions/A/Frameworks/AE.framework/Versions/A/AE
0x0000000030bff000 	/System/Library/Frameworks/CoreServices.framework/Versions/A/Frameworks/LaunchServices.framework/Versions/A/LaunchServices
0x0000000030bff000 	/System/Library/Frameworks/CoreServices.framework/Versions/A/Frameworks/DictionaryServices.framework/Versions/A/DictionaryServices
0x0000000030bff000 	/System/Library/Frameworks/CoreServices.framework/Versions/A/Frameworks/SharedFileList.framework/Versions/A/SharedFileList
0x0000000030bff000 	/System/Library/Frameworks/NetFS.framework/Versions/A/NetFS
0x0000000030bff000 	/System/Library/PrivateFrameworks/NetAuth.framework/Versions/A/NetAuth
0x0000000030bff000 	/System/Library/PrivateFrameworks/login.framework/Versions/A/Frameworks/loginsupport.framework/Versions/A/loginsupport
0x0000000030bff000 	/System/Library/PrivateFrameworks/TCC.framework/Versions/A/TCC
0x0000000030bff000 	/usr/lib/libmecabra.dylib
0x0000000030bff000 	/System/Library/Frameworks/ApplicationServices.framework/Versions/A/Frameworks/ATS.framework/Versions/A/ATS
0x0000000030bff000 	/System/Library/Frameworks/ApplicationServices.framework/Versions/A/Frameworks/ColorSync.framework/Versions/A/ColorSync
0x0000000030bff000 	/System/Library/Frameworks/ApplicationServices.framework/Versions/A/Frameworks/HIServices.framework/Versions/A/HIServices
0x0000000030bff000 	/System/Library/Frameworks/ApplicationServices.framework/Versions/A/Frameworks/LangAnalysis.framework/Versions/A/LangAnalysis
0x0000000030bff000 	/System/Library/Frameworks/ApplicationServices.framework/Versions/A/Frameworks/PrintCore.framework/Versions/A/PrintCore
0x0000000030bff000 	/System/Library/Frameworks/ApplicationServices.framework/Versions/A/Frameworks/QD.framework/Versions/A/QD
0x0000000030bff000 	/System/Library/Frameworks/ApplicationServices.framework/Versions/A/Frameworks/SpeechSynthesis.framework/Versions/A/SpeechSynthesis
0x0000000030bff000 	/System/Library/Frameworks/Accelerate.framework/Versions/A/Frameworks/vImage.framework/Versions/A/vImage
0x0000000030bff000 	/System/Library/Frameworks/Accelerate.framework/Versions/A/Frameworks/vecLib.framework/Versions/A/vecLib
0x0000000030bff000 	/System/Library/Frameworks/Accelerate.framework/Versions/A/Frameworks/vecLib.framework/Versions/A/libvDSP.dylib
0x0000000030bff000 	/System/Library/Frameworks/Accelerate.framework/Versions/A/Frameworks/vecLib.framework/Versions/A/libBNNS.dylib
0x0000000030bff000 	/System/Library/Frameworks/Accelerate.framework/Versions/A/Frameworks/vecLib.framework/Versions/A/libQuadrature.dylib
0x0000000030bff000 	/System/Library/Frameworks/Accelerate.framework/Versions/A/Frameworks/vecLib.framework/Versions/A/libvMisc.dylib
0x0000000030bff000 	/System/Library/Frameworks/Accelerate.framework/Versions/A/Frameworks/vecLib.framework/Versions/A/libLAPACK.dylib
0x0000000030bff000 	/System/Library/Frameworks/Accelerate.framework/Versions/A/Frameworks/vecLib.framework/Versions/A/libBLAS.dylib
0x0000000030bff000 	/System/Library/Frameworks/Accelerate.framework/Versions/A/Frameworks/vecLib.framework/Versions/A/libLinearAlgebra.dylib
0x0000000030bff000 	/System/Library/Frameworks/Accelerate.framework/Versions/A/Frameworks/vecLib.framework/Versions/A/libSparseBLAS.dylib
0x0000000030bff000 	/System/Library/Frameworks/ApplicationServices.framework/Versions/A/Frameworks/ATS.framework/Versions/A/Resources/libFontParser.dylib
0x0000000030bff000 	/System/Library/Frameworks/ApplicationServices.framework/Versions/A/Frameworks/ATS.framework/Versions/A/Resources/libFontRegistry.dylib
0x0000000030bff000 	/System/Library/Frameworks/ImageIO.framework/Versions/A/Resources/libJPEG.dylib
0x0000000030bff000 	/System/Library/Frameworks/ImageIO.framework/Versions/A/Resources/libTIFF.dylib
0x0000000030bff000 	/System/Library/Frameworks/ImageIO.framework/Versions/A/Resources/libPng.dylib
0x0000000030bff000 	/System/Library/Frameworks/ImageIO.framework/Versions/A/Resources/libGIF.dylib
0x0000000030bff000 	/System/Library/Frameworks/ImageIO.framework/Versions/A/Resources/libJP2.dylib
0x0000000030bff000 	/System/Library/Frameworks/ImageIO.framework/Versions/A/Resources/libRadiance.dylib
0x0000000030bff000 	/usr/lib/libcompression.dylib
0x0000000030bff000 	/System/Library/PrivateFrameworks/AppleJPEG.framework/Versions/A/AppleJPEG
0x0000000030bff000 	/usr/lib/libcups.2.dylib
0x0000000030bff000 	/System/Library/Frameworks/Kerberos.framework/Versions/A/Kerberos
0x0000000030bff000 	/System/Library/Frameworks/GSS.framework/Versions/A/GSS
0x0000000030bff000 	/usr/lib/libresolv.9.dylib
0x0000000030bff000 	/usr/lib/libiconv.2.dylib
0x0000000030bff000 	/System/Library/PrivateFrameworks/Heimdal.framework/Versions/A/Heimdal
0x0000000030bff000 	/usr/lib/libheimdal-asn1.dylib
0x0000000030bff000 	/System/Library/Frameworks/OpenDirectory.framework/Versions/A/OpenDirectory
0x0000000030bff000 	/System/Library/PrivateFrameworks/CommonAuth.framework/Versions/A/CommonAuth
0x0000000030bff000 	/System/Library/Frameworks/OpenDirectory.framework/Versions/A/Frameworks/CFOpenDirectory.framework/Versions/A/CFOpenDirectory
0x0000000030bff000 	/System/Library/Frameworks/SecurityFoundation.framework/Versions/A/SecurityFoundation
0x0000000030bff000 	/System/Library/PrivateFrameworks/LanguageModeling.framework/Versions/A/LanguageModeling
0x0000000030bff000 	/usr/lib/libmarisa.dylib
0x0000000030bff000 	/usr/lib/libChineseTokenizer.dylib
0x0000000030bff000 	/usr/lib/libcmph.dylib
0x0000000030bff000 	/System/Library/PrivateFrameworks/CoreEmoji.framework/Versions/A/CoreEmoji
0x0000000030bff000 	/System/Library/Frameworks/ServiceManagement.framework/Versions/A/ServiceManagement
0x0000000030bff000 	/usr/lib/libxslt.1.dylib
0x0000000030bff000 	/System/Library/Frameworks/Carbon.framework/Versions/A/Frameworks/Ink.framework/Versions/A/Ink
0x0000000030bff000 	/System/Library/PrivateFrameworks/TextureIO.framework/Versions/A/TextureIO
0x0000000030bff000 	/System/Library/Frameworks/Metal.framework/Versions/A/Metal
0x0000000030bff000 	/usr/lib/libate.dylib
0x0000000030bff000 	/System/Library/PrivateFrameworks/GPUCompiler.framework/libmetal_timestamp.dylib
0x0000000030bff000 	/System/Library/Frameworks/OpenGL.framework/Versions/A/Libraries/libCoreFSCache.dylib
0x0000000030bff000 	/System/Library/PrivateFrameworks/IOAccelerator.framework/Versions/A/IOAccelerator
0x0000000030bff000 	/System/Library/Frameworks/CoreVideo.framework/Versions/A/CoreVideo
0x0000000030bff000 	/usr/lib/libFosl_dynamic.dylib
0x0000000030bff000 	/System/Library/PrivateFrameworks/MetalPerformanceShaders.framework/Versions/A/MetalPerformanceShaders
0x0000000030bff000 	/System/Library/PrivateFrameworks/FaceCore.framework/Versions/A/FaceCore
0x0000000030bff000 	/System/Library/Frameworks/OpenCL.framework/Versions/A/OpenCL
0x0000000030bff000 	/System/Library/Frameworks/OpenGL.framework/Versions/A/Libraries/libGLU.dylib
0x0000000030bff000 	/System/Library/Frameworks/OpenGL.framework/Versions/A/Libraries/libGFXShared.dylib
0x0000000030bff000 	/System/Library/Frameworks/OpenGL.framework/Versions/A/Libraries/libGL.dylib
0x0000000030bff000 	/System/Library/Frameworks/OpenGL.framework/Versions/A/Libraries/libGLImage.dylib
0x0000000030bff000 	/System/Library/Frameworks/OpenGL.framework/Versions/A/Libraries/libCVMSPluginSupport.dylib
0x0000000030bff000 	/System/Library/Frameworks/OpenGL.framework/Versions/A/Libraries/libCoreVMClient.dylib
0x0000000030bff000 	/System/Library/PrivateFrameworks/CrashReporterSupport.framework/Versions/A/CrashReporterSupport
0x0000000030bff000 	/System/Library/PrivateFrameworks/Sharing.framework/Versions/A/Sharing
0x0000000030bff000 	/System/Library/PrivateFrameworks/IconServices.framework/Versions/A/IconServices
0x0000000030bff000 	/System/Library/PrivateFrameworks/ProtocolBuffer.framework/Versions/A/ProtocolBuffer
0x0000000030bff000 	/System/Library/PrivateFrameworks/Apple80211.framework/Versions/A/Apple80211
0x0000000030bff000 	/System/Library/Frameworks/CoreWLAN.framework/Versions/A/CoreWLAN
0x0000000030bff000 	/System/Library/PrivateFrameworks/CoreUtils.framework/Versions/A/CoreUtils
0x0000000030bff000 	/System/Library/Frameworks/IOBluetooth.framework/Versions/A/IOBluetooth
0x0000000030bff000 	/System/Library/PrivateFrameworks/CoreWiFi.framework/Versions/A/CoreWiFi
0x0000000030bff000 	/System/Library/Frameworks/CoreBluetooth.framework/Versions/A/CoreBluetooth
0x0000000030bff000 	/System/Library/Frameworks/CoreDisplay.framework/Versions/A/CoreDisplay
0x0000000030bff000 	/System/Library/PrivateFrameworks/IOPresentment.framework/Versions/A/IOPresentment
0x0000000030bff000 	/System/Library/PrivateFrameworks/DSExternalDisplay.framework/Versions/A/DSExternalDisplay
0x0000000030bff000 	/System/Library/PrivateFrameworks/DebugSymbols.framework/Versions/A/DebugSymbols
0x0000000030bff000 	/System/Library/PrivateFrameworks/CoreSymbolication.framework/Versions/A/CoreSymbolication
0x0000000030bff000 	/System/Library/PrivateFrameworks/Symbolication.framework/Versions/A/Symbolication
0x0000000030bff000 	/System/Library/PrivateFrameworks/AppleFSCompression.framework/Versions/A/AppleFSCompression
0x0000000030bff000 	/System/Library/PrivateFrameworks/SpeechRecognitionCore.framework/Versions/A/SpeechRecognitionCore
0x0000000030bff000 	/System/Library/PrivateFrameworks/ChunkingLibrary.framework/Versions/A/ChunkingLibrary
0x000000004bcae000 	/System/Library/CoreServices/Encodings/libJapaneseConverter.dylib
0x0000000106fb6000 	/Library/Java/JavaVirtualMachines/jdk1.8.0_131.jdk/Contents/Home/jre/lib/server/libjvm.dylib
0x0000000030bff000 	/usr/lib/libstdc++.6.dylib
0x0000000106e00000 	/Library/Java/JavaVirtualMachines/jdk1.8.0_131.jdk/Contents/Home/jre/lib/libverify.dylib
0x0000000106e0e000 	/Library/Java/JavaVirtualMachines/jdk1.8.0_131.jdk/Contents/Home/jre/lib/libjava.dylib
0x0000000106e4d000 	/Library/Java/JavaVirtualMachines/jdk1.8.0_131.jdk/Contents/Home/jre/lib/libzip.dylib
0x00000001222bc000 	/System/Library/Frameworks/JavaVM.framework/Frameworks/JavaRuntimeSupport.framework/JavaRuntimeSupport
0x00000001222d6000 	/System/Library/Frameworks/JavaVM.framework/Versions/A/Frameworks/JavaNativeFoundation.framework/Versions/A/JavaNativeFoundation
0x00000001222eb000 	/System/Library/Frameworks/JavaVM.framework/Versions/A/JavaVM
0x0000000030bff000 	/System/Library/Frameworks/Carbon.framework/Versions/A/Carbon
0x00000001222f8000 	/System/Library/PrivateFrameworks/JavaLaunching.framework/Versions/A/JavaLaunching
0x0000000030bff000 	/System/Library/Frameworks/Carbon.framework/Versions/A/Frameworks/CommonPanels.framework/Versions/A/CommonPanels
0x0000000030bff000 	/System/Library/Frameworks/Carbon.framework/Versions/A/Frameworks/Help.framework/Versions/A/Help
0x0000000030bff000 	/System/Library/Frameworks/Carbon.framework/Versions/A/Frameworks/ImageCapture.framework/Versions/A/ImageCapture
0x0000000030bff000 	/System/Library/Frameworks/Carbon.framework/Versions/A/Frameworks/OpenScripting.framework/Versions/A/OpenScripting
0x0000000030bff000 	/System/Library/Frameworks/Carbon.framework/Versions/A/Frameworks/Print.framework/Versions/A/Print
0x0000000030bff000 	/System/Library/Frameworks/Carbon.framework/Versions/A/Frameworks/SecurityHI.framework/Versions/A/SecurityHI
0x0000000123eca000 	/Library/Java/JavaVirtualMachines/jdk1.8.0_131.jdk/Contents/Home/jre/lib/libawt.dylib
0x0000000123f72000 	/Library/Java/JavaVirtualMachines/jdk1.8.0_131.jdk/Contents/Home/jre/lib/./libmlib_image.dylib
0x000000012403e000 	/Library/Java/JavaVirtualMachines/jdk1.8.0_131.jdk/Contents/Home/jre/lib/libawt_lwawt.dylib
0x00000001240f5000 	/Library/Java/JavaVirtualMachines/jdk1.8.0_131.jdk/Contents/Home/jre/lib/./libosxapp.dylib
0x0000000030bff000 	/System/Library/Frameworks/ExceptionHandling.framework/Versions/A/ExceptionHandling
0x0000000030bff000 	/System/Library/PrivateFrameworks/CoreServicesInternal.framework/Versions/A/CoreServicesInternal
0x0000000030bff000 	/System/Library/CoreServices/RawCamera.bundle/Contents/MacOS/RawCamera
0x0000000030bff000 	/System/Library/Frameworks/Accelerate.framework/Versions/A/Frameworks/vImage.framework/Versions/A/Libraries/libCGInterfaces.dylib
0x0000000030bff000 	/System/Library/Frameworks/ApplicationServices.framework/Versions/A/Frameworks/ATS.framework/Versions/A/Resources/libTrueTypeScaler.dylib
0x00000001264b6000 	/System/Library/Frameworks/OpenGL.framework/Resources/GLEngine.bundle/GLEngine
0x0000000030bff000 	/System/Library/Frameworks/OpenGL.framework/Versions/A/Libraries/libGLProgrammability.dylib
0x000000012669b000 	/System/Library/Extensions/AppleIntelHD5000GraphicsGLDriver.bundle/Contents/MacOS/AppleIntelHD5000GraphicsGLDriver
0x0000000030bff000 	/System/Library/PrivateFrameworks/GPUSupport.framework/Versions/A/Libraries/libGPUSupportMercury.dylib
0x0000000125657000 	/System/Library/Frameworks/OpenGL.framework/Resources//GLRendererFloat.bundle/GLRendererFloat
0x0000000030bff000 	/System/Library/Frameworks/OpenCL.framework/Versions/A/Libraries/libcldcpuengine.dylib
0x0000000030bff000 	/usr/lib/libcrypto.0.9.8.dylib
0x0000000030bff000 	/System/Library/PrivateFrameworks/TrustEvaluationAgent.framework/Versions/A/TrustEvaluationAgent
0x0000000126e09000 	/System/Library/Extensions/AppleIntelHD5000GraphicsMTLDriver.bundle/Contents/MacOS/AppleIntelHD5000GraphicsMTLDriver
0x0000000030bff000 	/System/Library/PrivateFrameworks/FamilyControls.framework/Versions/A/FamilyControls
0x0000000030bff000 	/System/Library/PrivateFrameworks/CommerceKit.framework/Versions/A/Frameworks/CommerceCore.framework/Versions/A/CommerceCore
0x0000000030bff000 	/System/Library/PrivateFrameworks/SystemAdministration.framework/Versions/A/SystemAdministration
0x0000000030bff000 	/System/Library/PrivateFrameworks/AppContainer.framework/Versions/A/AppContainer
0x0000000030bff000 	/System/Library/PrivateFrameworks/SecCodeWrapper.framework/Versions/A/SecCodeWrapper
0x0000000030bff000 	/System/Library/Frameworks/DirectoryService.framework/Versions/A/DirectoryService
0x0000000030bff000 	/System/Library/PrivateFrameworks/DiskImages.framework/Versions/A/DiskImages
0x0000000030bff000 	/System/Library/PrivateFrameworks/LoginUIKit.framework/Versions/A/Frameworks/LoginUICore.framework/Versions/A/LoginUICore
0x0000000030bff000 	/usr/lib/libCoreStorage.dylib
0x0000000030bff000 	/usr/lib/libcsfde.dylib
0x0000000030bff000 	/usr/lib/libodfde.dylib
0x0000000030bff000 	/System/Library/Frameworks/DiscRecording.framework/Versions/A/DiscRecording
0x0000000030bff000 	/usr/lib/libcurl.4.dylib
0x0000000030bff000 	/System/Library/PrivateFrameworks/MediaKit.framework/Versions/A/MediaKit
0x0000000030bff000 	/System/Library/PrivateFrameworks/ProtectedCloudStorage.framework/Versions/A/ProtectedCloudStorage
0x0000000030bff000 	/System/Library/PrivateFrameworks/EFILogin.framework/Versions/A/EFILogin
0x0000000030bff000 	/usr/lib/libutil.dylib
0x0000000030bff000 	/System/Library/Frameworks/LDAP.framework/Versions/A/LDAP
0x0000000030bff000 	/usr/lib/libsasl2.2.dylib
0x0000000030bff000 	/System/Library/PrivateFrameworks/CoreDaemon.framework/Versions/B/CoreDaemon
0x0000000030bff000 	/System/Library/PrivateFrameworks/AppleSRP.framework/Versions/A/AppleSRP
0x0000000030bff000 	/System/Library/PrivateFrameworks/APFS.framework/Versions/A/APFS
0x000000012813b000 	/Library/Java/JavaVirtualMachines/jdk1.8.0_131.jdk/Contents/Home/jre/lib/libsunec.dylib
0x0000000128bd6000 	/Library/Java/JavaVirtualMachines/jdk1.8.0_131.jdk/Contents/Home/jre/lib/libnet.dylib
0x0000000030bff000 	/System/Library/PrivateFrameworks/ViewBridge.framework/Versions/A/ViewBridge
0x0000000030bff000 	/System/Library/PrivateFrameworks/XPCService.framework/Versions/A/XPCService
0x0000000030bff000 	/System/Library/PrivateFrameworks/AppSandbox.framework/Versions/A/AppSandbox
0x0000000030bff000 	/usr/lib/libsandbox.1.dylib
0x0000000030bff000 	/usr/lib/libMatch.1.dylib
0x0000000128c5a000 	/Library/Java/JavaVirtualMachines/jdk1.8.0_131.jdk/Contents/Home/jre/lib/libnio.dylib
0x0000000128c6a000 	/Library/Java/JavaVirtualMachines/jdk1.8.0_131.jdk/Contents/Home/jre/lib/libfontmanager.dylib
0x0000000128d17000 	/Library/Java/JavaVirtualMachines/jdk1.8.0_131.jdk/Contents/Home/jre/lib/libosxui.dylib

VM Arguments:
java_command: Note
java_class_path (initial): /Users/shinji/Documents/git/alien_NoteJava/Note/target/classes:/Users/shinji/.m2/repository/com/google/firebase/firebase-admin/4.0.3/firebase-admin-4.0.3.jar:/Users/shinji/.m2/repository/com/google/api-client/google-api-client-gson/1.21.0/google-api-client-gson-1.21.0.jar:/Users/shinji/.m2/repository/com/google/api-client/google-api-client/1.21.0/google-api-client-1.21.0.jar:/Users/shinji/.m2/repository/com/google/oauth-client/google-oauth-client/1.21.0/google-oauth-client-1.21.0.jar:/Users/shinji/.m2/repository/com/google/http-client/google-http-client-jackson2/1.21.0/google-http-client-jackson2-1.21.0.jar:/Users/shinji/.m2/repository/com/fasterxml/jackson/core/jackson-core/2.1.3/jackson-core-2.1.3.jar:/Users/shinji/.m2/repository/org/json/json/20160212/json-20160212.jar:/Users/shinji/.m2/repository/com/google/http-client/google-http-client-gson/1.21.0/google-http-client-gson-1.21.0.jar:/Users/shinji/.m2/repository/com/google/http-client/google-http-client/1.21.0/google-http-client-1.21.0.jar:/Users/shinji/.m2/repository/com/google/code/findbugs/jsr305/1.3.9/jsr305-1.3.9.jar:/Users/shinji/.m2/repository/org/apache/httpcomponents/httpclient/4.0.1/httpclient-4.0.1.jar:/Users/shinji/.m2/repository/org/apache/httpcomponents/httpcore/4.0.1/httpcore-4.0.1.jar:/Users/shinji/.m2/repository/commons-logging/commons-logging/1.1.1/commons-logging-1.1.1.jar:/Users/shinji/.m2/repository/commons-codec/commons-codec/1.3/commons-codec-1.3.jar:/Users/shinji/.m2/repository/com/google/guava/guava-jdk5/17.0/guava-jdk5-17.0.jar:/Users/shinji/.m2/repository/org/pegdown/pegdown/1.6.0/pegdown-1.6.0.jar:/Users/shinji/.m2/repository/org/parboiled/parboiled-java/1.1.7/parboiled-java-1.1.7.jar:/Users/shinji/.m2/repository/org/parboiled/parboiled-core/1.1.7/parboiled-core-1.1.7.jar:/Users/shinji/.m2/repository/org/ow2/asm/asm/5.0.3/asm-5.0.3.jar:/Users/shinji/.m2/repository/org/ow2/asm/asm-tree/5.0.3/asm-tree-5.0.3.jar:/Users/shinji/.m2/repository/org/ow2/asm/asm-an
Launcher Type: SUN_STANDARD

Environment Variables:
JAVA_HOME=/Library/Java/JavaVirtualMachines/jdk1.8.0_131.jdk/Contents/Home
PATH=/usr/bin:/bin:/usr/sbin:/sbin
SHELL=/bin/bash

Signal Handlers:
SIGSEGV: [libjvm.dylib+0x5b1eb1], sa_mask[0]=11111111011111110111111111111111, sa_flags=SA_ONSTACK|SA_RESTART|SA_SIGINFO
SIGBUS: [libjvm.dylib+0x5b1eb1], sa_mask[0]=11111111011111110111111111111111, sa_flags=SA_RESTART|SA_SIGINFO
SIGFPE: [libjvm.dylib+0x488988], sa_mask[0]=11111111011111110111111111111111, sa_flags=SA_RESTART|SA_SIGINFO
SIGPIPE: [libjvm.dylib+0x488988], sa_mask[0]=11111111011111110111111111111111, sa_flags=SA_RESTART|SA_SIGINFO
SIGXFSZ: [libjvm.dylib+0x488988], sa_mask[0]=11111111011111110111111111111111, sa_flags=SA_RESTART|SA_SIGINFO
SIGILL: [libjvm.dylib+0x488988], sa_mask[0]=11111111011111110111111111111111, sa_flags=SA_RESTART|SA_SIGINFO
SIGUSR1: SIG_DFL, sa_mask[0]=00000000000000000000000000000000, sa_flags=none
SIGUSR2: [libjvm.dylib+0x4884a6], sa_mask[0]=00100000000000000000000000000000, sa_flags=SA_RESTART|SA_SIGINFO
SIGHUP: [libjvm.dylib+0x486a7d], sa_mask[0]=11111111011111110111111111111111, sa_flags=SA_RESTART|SA_SIGINFO
SIGINT: SIG_IGN, sa_mask[0]=00000000000000000000000000000000, sa_flags=none
SIGTERM: [libjvm.dylib+0x486a7d], sa_mask[0]=11111111011111110111111111111111, sa_flags=SA_RESTART|SA_SIGINFO
SIGQUIT: [libjvm.dylib+0x486a7d], sa_mask[0]=11111111011111110111111111111111, sa_flags=SA_RESTART|SA_SIGINFO


---------------  S Y S T E M  ---------------

OS:Bsduname:Darwin 16.6.0 Darwin Kernel Version 16.6.0: Fri Apr 14 16:21:16 PDT 2017; root:xnu-3789.60.24~6/RELEASE_X86_64 x86_64
rlimit: STACK 8192k, CORE 0k, NPROC 709, NOFILE 10240, AS infinity
load average:4.47 6.31 4.97

CPU:total 4 (initial active 4) (2 cores per cpu, 2 threads per core) family 6 model 69 stepping 1, cmov, cx8, fxsr, mmx, sse, sse2, sse3, ssse3, sse4.1, sse4.2, popcnt, avx, avx2, aes, clmul, erms, lzcnt, ht, tsc, tscinvbit, bmi1, bmi2

Memory: 4k page, physical 16777216k(2549252k free)

/proc/meminfo:


vm_info: Java HotSpot(TM) 64-Bit Server VM (25.131-b11) for bsd-amd64 JRE (1.8.0_131-b11), built on Mar 15 2017 01:32:22 by "java_re" with gcc 4.2.1 (Based on Apple Inc. build 5658) (LLVM build 2336.11.00)

time: Mon Jun 19 21:36:50 2017
elapsed time: 5167 seconds (0d 1h 26m 7s)

